<?xml version="1.0" encoding="UTF-8"?>
<!-- Generated by org.testng.reporters.JUnitReportReporter -->
<testsuite hostname="display" failures="0" tests="3" name="DemoTestNG.ParameterizedTest" time="1.565" errors="0" timestamp="2024-04-07T20:00:48 IST" skipped="0">
  <testcase classname="DemoTestNG.ParameterizedTest" name="testFileDownload" time="0.450"/>
  <system-out/>
  <testcase classname="DemoTestNG.ParameterizedTest" name="testFileDownload" time="0.629"/>
  <system-out/>
  <testcase classname="DemoTestNG.ParameterizedTest" name="testFileDownload" time="0.486"/>
  <system-out/>
</testsuite> <!-- DemoTestNG.ParameterizedTest -->
